<?xml version="1.0" encoding="UTF-8"?>
<!-- Generated by org.testng.reporters.JUnitReportReporter -->
<testsuite skipped="0" hostname="personalpc" name="com.leafBot.testcases.CL" tests="2" failures="0" timestamp="14 Jul 2019 10:25:03 GMT" time="86.162" errors="0">
  <testcase name="loginAndLogout" time="69.335" classname="com.leafBot.testcases.CL"/>
  <testcase name="loginAndLogout" time="16.827" classname="com.leafBot.testcases.CL"/>
</testsuite> <!-- com.leafBot.testcases.CL -->
